0 info it worked if it ends with ok
1 verbose cli [ 'C:\\Program Files\\nodejs\\node.exe',
1 verbose cli   'C:\\Users\\sebas\\AppData\\Roaming\\npm\\node_modules\\npm\\bin\\npm-cli.js',
1 verbose cli   'start' ]
2 info using npm@3.10.8
3 info using node@v4.4.7
4 verbose run-script [ 'prestart', 'start', 'poststart' ]
5 info lifecycle rest-server@0.0.0~prestart: rest-server@0.0.0
6 silly lifecycle rest-server@0.0.0~prestart: no script for prestart, continuing
7 info lifecycle rest-server@0.0.0~start: rest-server@0.0.0
8 verbose lifecycle rest-server@0.0.0~start: unsafe-perm in lifecycle true
9 verbose lifecycle rest-server@0.0.0~start: PATH: C:\Users\sebas\AppData\Roaming\npm\node_modules\npm\bin\node-gyp-bin;D:\estudio\nodejsPractice\rest-server\node_modules\.bin;C:\ProgramData\Oracle\Java\javapath;C:\WINDOWS\system32;C:\WINDOWS;C:\WINDOWS\System32\Wbem;C:\WINDOWS\System32\WindowsPowerShell\v1.0\;C:\Program Files\Java\jdk1.8.0_101\bin;D:\Desarrollo\apache-maven-3.3.9\bin;C:\Program Files\nodejs\;C:\Program Files (x86)\Skype\Phone\;C:\Program Files (x86)\Calibre2\;C:\Program Files (x86)\NVIDIA Corporation\PhysX\Common;C:\WINDOWS\system32;C:\WINDOWS;C:\WINDOWS\System32\Wbem;C:\WINDOWS\System32\WindowsPowerShell\v1.0\;C:\Program Files\TortoiseGit\bin;C:\Program Files\Git\cmd;C:\Program Files\Git\mingw64\bin;C:\Program Files\Git\usr\bin;C:\Program Files\MongoDB\Server\3.2\bin;C:\Users\sebas\AppData\Roaming\npm;C:\Users\sebas\AppData\Local\Microsoft\WindowsApps;D:\Desarrollo\androidsdk\platform-tools
10 verbose lifecycle rest-server@0.0.0~start: CWD: D:\estudio\nodejsPractice\rest-server
11 silly lifecycle rest-server@0.0.0~start: Args: [ '/d /s /c', 'node ./bin/www' ]
12 silly lifecycle rest-server@0.0.0~start: Returned: code: 1  signal: null
13 info lifecycle rest-server@0.0.0~start: Failed to exec start script
14 verbose stack Error: rest-server@0.0.0 start: `node ./bin/www`
14 verbose stack Exit status 1
14 verbose stack     at EventEmitter.<anonymous> (C:\Users\sebas\AppData\Roaming\npm\node_modules\npm\lib\utils\lifecycle.js:255:16)
14 verbose stack     at emitTwo (events.js:87:13)
14 verbose stack     at EventEmitter.emit (events.js:172:7)
14 verbose stack     at ChildProcess.<anonymous> (C:\Users\sebas\AppData\Roaming\npm\node_modules\npm\lib\utils\spawn.js:40:14)
14 verbose stack     at emitTwo (events.js:87:13)
14 verbose stack     at ChildProcess.emit (events.js:172:7)
14 verbose stack     at maybeClose (internal/child_process.js:827:16)
14 verbose stack     at Process.ChildProcess._handle.onexit (internal/child_process.js:211:5)
15 verbose pkgid rest-server@0.0.0
16 verbose cwd D:\estudio\nodejsPractice\rest-server
17 error Windows_NT 10.0.14393
18 error argv "C:\\Program Files\\nodejs\\node.exe" "C:\\Users\\sebas\\AppData\\Roaming\\npm\\node_modules\\npm\\bin\\npm-cli.js" "start"
19 error node v4.4.7
20 error npm  v3.10.8
21 error code ELIFECYCLE
22 error rest-server@0.0.0 start: `node ./bin/www`
22 error Exit status 1
23 error Failed at the rest-server@0.0.0 start script 'node ./bin/www'.
23 error Make sure you have the latest version of node.js and npm installed.
23 error If you do, this is most likely a problem with the rest-server package,
23 error not with npm itself.
23 error Tell the author that this fails on your system:
23 error     node ./bin/www
23 error You can get information on how to open an issue for this project with:
23 error     npm bugs rest-server
23 error Or if that isn't available, you can get their info via:
23 error     npm owner ls rest-server
23 error There is likely additional logging output above.
24 verbose exit [ 1, true ]
